2023-04-06 11:05:10.402 [main] INFO  org.apache.kafka.clients.producer.ProducerConfig - ProducerConfig values: 
	acks = -1
	auto.include.jmx.reporter = true
	batch.size = 16384
	bootstrap.servers = [cluster.playground.cdkt.io:9092]
	buffer.memory = 33554432
	client.dns.lookup = use_all_dns_ips
	client.id = producer-1
	compression.type = none
	connections.max.idle.ms = 540000
	delivery.timeout.ms = 120000
	enable.idempotence = true
	interceptor.classes = []
	key.serializer = class org.apache.kafka.common.serialization.StringSerializer
	linger.ms = 0
	max.block.ms = 60000
	max.in.flight.requests.per.connection = 5
	max.request.size = 1048576
	metadata.max.age.ms = 300000
	metadata.max.idle.ms = 300000
	metric.reporters = []
	metrics.num.samples = 2
	metrics.recording.level = INFO
	metrics.sample.window.ms = 30000
	partitioner.adaptive.partitioning.enable = true
	partitioner.availability.timeout.ms = 0
	partitioner.class = null
	partitioner.ignore.keys = false
	receive.buffer.bytes = 32768
	reconnect.backoff.max.ms = 1000
	reconnect.backoff.ms = 50
	request.timeout.ms = 30000
	retries = 2147483647
	retry.backoff.ms = 100
	sasl.client.callback.handler.class = null
	sasl.jaas.config = [hidden]
	sasl.kerberos.kinit.cmd = /usr/bin/kinit
	sasl.kerberos.min.time.before.relogin = 60000
	sasl.kerberos.service.name = null
	sasl.kerberos.ticket.renew.jitter = 0.05
	sasl.kerberos.ticket.renew.window.factor = 0.8
	sasl.login.callback.handler.class = null
	sasl.login.class = null
	sasl.login.connect.timeout.ms = null
	sasl.login.read.timeout.ms = null
	sasl.login.refresh.buffer.seconds = 300
	sasl.login.refresh.min.period.seconds = 60
	sasl.login.refresh.window.factor = 0.8
	sasl.login.refresh.window.jitter = 0.05
	sasl.login.retry.backoff.max.ms = 10000
	sasl.login.retry.backoff.ms = 100
	sasl.mechanism = PLAIN
	sasl.oauthbearer.clock.skew.seconds = 30
	sasl.oauthbearer.expected.audience = null
	sasl.oauthbearer.expected.issuer = null
	sasl.oauthbearer.jwks.endpoint.refresh.ms = 3600000
	sasl.oauthbearer.jwks.endpoint.retry.backoff.max.ms = 10000
	sasl.oauthbearer.jwks.endpoint.retry.backoff.ms = 100
	sasl.oauthbearer.jwks.endpoint.url = null
	sasl.oauthbearer.scope.claim.name = scope
	sasl.oauthbearer.sub.claim.name = sub
	sasl.oauthbearer.token.endpoint.url = null
	security.protocol = SASL_SSL
	security.providers = null
	send.buffer.bytes = 131072
	socket.connection.setup.timeout.max.ms = 30000
	socket.connection.setup.timeout.ms = 10000
	ssl.cipher.suites = null
	ssl.enabled.protocols = [TLSv1.2, TLSv1.3]
	ssl.endpoint.identification.algorithm = https
	ssl.engine.factory.class = null
	ssl.key.password = null
	ssl.keymanager.algorithm = SunX509
	ssl.keystore.certificate.chain = null
	ssl.keystore.key = null
	ssl.keystore.location = null
	ssl.keystore.password = null
	ssl.keystore.type = JKS
	ssl.protocol = TLSv1.3
	ssl.provider = null
	ssl.secure.random.implementation = null
	ssl.trustmanager.algorithm = PKIX
	ssl.truststore.certificates = null
	ssl.truststore.location = null
	ssl.truststore.password = null
	ssl.truststore.type = JKS
	transaction.timeout.ms = 60000
	transactional.id = null
	value.serializer = class org.apache.kafka.common.serialization.StringSerializer

2023-04-06 11:05:10.426 [main] INFO  org.apache.kafka.clients.producer.KafkaProducer - [Producer clientId=producer-1] Instantiated an idempotent producer.
2023-04-06 11:05:10.622 [main] INFO  org.apache.kafka.common.security.authenticator.AbstractLogin - Successfully logged in.
2023-04-06 11:05:10.750 [main] DEBUG org.apache.kafka.common.security.ssl.DefaultSslEngineFactory - Created SSL context with keystore null, truststore null, provider SunJSSE.
2023-04-06 11:05:10.778 [kafka-producer-network-thread | producer-1] DEBUG org.apache.kafka.clients.producer.internals.Sender - [Producer clientId=producer-1] Starting Kafka producer I/O thread.
2023-04-06 11:05:10.779 [main] INFO  org.apache.kafka.common.utils.AppInfoParser - Kafka version: 3.4.0
2023-04-06 11:05:10.779 [main] INFO  org.apache.kafka.common.utils.AppInfoParser - Kafka commitId: 2e1947d240607d53
2023-04-06 11:05:10.779 [main] INFO  org.apache.kafka.common.utils.AppInfoParser - Kafka startTimeMs: 1680771910778
2023-04-06 11:05:10.780 [kafka-producer-network-thread | producer-1] DEBUG org.apache.kafka.clients.producer.internals.TransactionManager - [Producer clientId=producer-1] Transition from state UNINITIALIZED to INITIALIZING
2023-04-06 11:05:10.780 [main] DEBUG org.apache.kafka.clients.producer.KafkaProducer - [Producer clientId=producer-1] Kafka producer started
2023-04-06 11:05:10.899 [kafka-producer-network-thread | producer-1] DEBUG org.apache.kafka.clients.producer.internals.TransactionManager - [Producer clientId=producer-1] Enqueuing transactional request InitProducerIdRequestData(transactionalId=null, transactionTimeoutMs=2147483647, producerId=-1, producerEpoch=-1)
2023-04-06 11:05:10.899 [kafka-producer-network-thread | producer-1] DEBUG org.apache.kafka.clients.NetworkClient - [Producer clientId=producer-1] Initialize connection to node cluster.playground.cdkt.io:9092 (id: -1 rack: null) for sending metadata request
2023-04-06 11:05:10.900 [kafka-producer-network-thread | producer-1] DEBUG org.apache.kafka.clients.ClientUtils - Resolved host cluster.playground.cdkt.io as 35.233.47.245
2023-04-06 11:05:10.900 [kafka-producer-network-thread | producer-1] DEBUG org.apache.kafka.clients.NetworkClient - [Producer clientId=producer-1] Initiating connection to node cluster.playground.cdkt.io:9092 (id: -1 rack: null) using address cluster.playground.cdkt.io/35.233.47.245
2023-04-06 11:05:10.924 [kafka-producer-network-thread | producer-1] DEBUG org.apache.kafka.common.security.authenticator.SaslClientAuthenticator - [Producer clientId=producer-1] Set SASL client state to SEND_APIVERSIONS_REQUEST
2023-04-06 11:05:10.925 [kafka-producer-network-thread | producer-1] DEBUG org.apache.kafka.common.security.authenticator.SaslClientAuthenticator - [Producer clientId=producer-1] Creating SaslClient: client=null;service=kafka;serviceHostname=cluster.playground.cdkt.io;mechs=[PLAIN]
2023-04-06 11:05:10.933 [kafka-producer-network-thread | producer-1] DEBUG org.apache.kafka.common.network.Selector - [Producer clientId=producer-1] Created socket with SO_RCVBUF = 32768, SO_SNDBUF = 131072, SO_TIMEOUT = 0 to node -1
2023-04-06 11:05:10.959 [kafka-producer-network-thread | producer-1] DEBUG org.apache.kafka.clients.NetworkClient - [Producer clientId=producer-1] Completed connection to node -1. Fetching API versions.
2023-04-06 11:05:11.033 [kafka-producer-network-thread | producer-1] DEBUG org.apache.kafka.common.network.SslTransportLayer - [SslTransportLayer channelId=-1 key=channel=java.nio.channels.SocketChannel[connection-pending remote=cluster.playground.cdkt.io/35.233.47.245:9092], selector=sun.nio.ch.WEPollSelectorImpl@40b37cc9, interestOps=8, readyOps=0] SSL handshake completed successfully with peerHost 'cluster.playground.cdkt.io' peerPort 9092 peerPrincipal 'CN=cluster.playground.cdkt.io' protocol 'TLSv1.3' cipherSuite 'TLS_AES_256_GCM_SHA384'
2023-04-06 11:05:11.076 [kafka-producer-network-thread | producer-1] DEBUG org.apache.kafka.common.security.authenticator.SaslClientAuthenticator - [Producer clientId=producer-1] Set SASL client state to RECEIVE_APIVERSIONS_RESPONSE
2023-04-06 11:05:11.123 [kafka-producer-network-thread | producer-1] DEBUG org.apache.kafka.common.security.authenticator.SaslClientAuthenticator - [Producer clientId=producer-1] Set SASL client state to SEND_HANDSHAKE_REQUEST
2023-04-06 11:05:11.124 [kafka-producer-network-thread | producer-1] DEBUG org.apache.kafka.common.security.authenticator.SaslClientAuthenticator - [Producer clientId=producer-1] Set SASL client state to RECEIVE_HANDSHAKE_RESPONSE
2023-04-06 11:05:11.153 [kafka-producer-network-thread | producer-1] DEBUG org.apache.kafka.common.security.authenticator.SaslClientAuthenticator - [Producer clientId=producer-1] Set SASL client state to INITIAL
2023-04-06 11:05:11.156 [kafka-producer-network-thread | producer-1] DEBUG org.apache.kafka.common.security.authenticator.SaslClientAuthenticator - [Producer clientId=producer-1] Set SASL client state to INTERMEDIATE
2023-04-06 11:05:11.186 [kafka-producer-network-thread | producer-1] DEBUG org.apache.kafka.common.security.authenticator.SaslClientAuthenticator - [Producer clientId=producer-1] Set SASL client state to COMPLETE
2023-04-06 11:05:11.186 [kafka-producer-network-thread | producer-1] DEBUG org.apache.kafka.common.security.authenticator.SaslClientAuthenticator - [Producer clientId=producer-1] Finished authentication with no session expiration and no session re-authentication
2023-04-06 11:05:11.186 [kafka-producer-network-thread | producer-1] DEBUG org.apache.kafka.common.network.Selector - [Producer clientId=producer-1] Successfully authenticated with cluster.playground.cdkt.io/35.233.47.245
2023-04-06 11:05:11.187 [kafka-producer-network-thread | producer-1] DEBUG org.apache.kafka.clients.NetworkClient - [Producer clientId=producer-1] Initiating API versions fetch from node -1.
2023-04-06 11:05:11.187 [kafka-producer-network-thread | producer-1] DEBUG org.apache.kafka.clients.NetworkClient - [Producer clientId=producer-1] Sending API_VERSIONS request with header RequestHeader(apiKey=API_VERSIONS, apiVersion=3, clientId=producer-1, correlationId=0, headerVersion=2) and timeout 30000 to node -1: ApiVersionsRequestData(clientSoftwareName='apache-kafka-java', clientSoftwareVersion='3.4.0')
2023-04-06 11:05:11.221 [kafka-producer-network-thread | producer-1] DEBUG org.apache.kafka.clients.NetworkClient - [Producer clientId=producer-1] Received API_VERSIONS response from node -1 for request with header RequestHeader(apiKey=API_VERSIONS, apiVersion=3, clientId=producer-1, correlationId=0, headerVersion=2): ApiVersionsResponseData(errorCode=0, apiKeys=[ApiVersion(apiKey=0, minVersion=0, maxVersion=9), ApiVersion(apiKey=1, minVersion=0, maxVersion=12), ApiVersion(apiKey=2, minVersion=0, maxVersion=7), ApiVersion(apiKey=3, minVersion=0, maxVersion=12), ApiVersion(apiKey=4, minVersion=0, maxVersion=6), ApiVersion(apiKey=5, minVersion=0, maxVersion=3), ApiVersion(apiKey=6, minVersion=0, maxVersion=7), ApiVersion(apiKey=7, minVersion=0, maxVersion=3), ApiVersion(apiKey=8, minVersion=0, maxVersion=8), ApiVersion(apiKey=9, minVersion=0, maxVersion=8), ApiVersion(apiKey=10, minVersion=0, maxVersion=4), ApiVersion(apiKey=11, minVersion=0, maxVersion=9), ApiVersion(apiKey=12, minVersion=0, maxVersion=4), ApiVersion(apiKey=13, minVersion=0, maxVersion=5), ApiVersion(apiKey=14, minVersion=0, maxVersion=5), ApiVersion(apiKey=15, minVersion=0, maxVersion=5), ApiVersion(apiKey=16, minVersion=0, maxVersion=4), ApiVersion(apiKey=17, minVersion=0, maxVersion=1), ApiVersion(apiKey=18, minVersion=0, maxVersion=3), ApiVersion(apiKey=19, minVersion=0, maxVersion=7), ApiVersion(apiKey=20, minVersion=0, maxVersion=6), ApiVersion(apiKey=21, minVersion=0, maxVersion=2), ApiVersion(apiKey=22, minVersion=0, maxVersion=4), ApiVersion(apiKey=23, minVersion=0, maxVersion=4), ApiVersion(apiKey=24, minVersion=0, maxVersion=3), ApiVersion(apiKey=25, minVersion=0, maxVersion=3), ApiVersion(apiKey=26, minVersion=0, maxVersion=3), ApiVersion(apiKey=27, minVersion=0, maxVersion=1), ApiVersion(apiKey=28, minVersion=0, maxVersion=3), ApiVersion(apiKey=29, minVersion=0, maxVersion=3), ApiVersion(apiKey=30, minVersion=0, maxVersion=3), ApiVersion(apiKey=31, minVersion=0, maxVersion=3), ApiVersion(apiKey=32, minVersion=0, maxVersion=4), ApiVersion(apiKey=33, minVersion=0, maxVersion=2), ApiVersion(apiKey=34, minVersion=0, maxVersion=2), ApiVersion(apiKey=35, minVersion=0, maxVersion=4), ApiVersion(apiKey=36, minVersion=0, maxVersion=2), ApiVersion(apiKey=37, minVersion=0, maxVersion=3), ApiVersion(apiKey=38, minVersion=0, maxVersion=3), ApiVersion(apiKey=39, minVersion=0, maxVersion=2), ApiVersion(apiKey=40, minVersion=0, maxVersion=2), ApiVersion(apiKey=41, minVersion=0, maxVersion=3), ApiVersion(apiKey=42, minVersion=0, maxVersion=2), ApiVersion(apiKey=43, minVersion=0, maxVersion=2), ApiVersion(apiKey=44, minVersion=0, maxVersion=1), ApiVersion(apiKey=45, minVersion=0, maxVersion=0), ApiVersion(apiKey=46, minVersion=0, maxVersion=0), ApiVersion(apiKey=47, minVersion=0, maxVersion=0), ApiVersion(apiKey=48, minVersion=0, maxVersion=1), ApiVersion(apiKey=49, minVersion=0, maxVersion=1), ApiVersion(apiKey=50, minVersion=0, maxVersion=0), ApiVersion(apiKey=51, minVersion=0, maxVersion=0), ApiVersion(apiKey=56, minVersion=0, maxVersion=2), ApiVersion(apiKey=57, minVersion=0, maxVersion=1), ApiVersion(apiKey=58, minVersion=0, maxVersion=0), ApiVersion(apiKey=60, minVersion=0, maxVersion=0), ApiVersion(apiKey=61, minVersion=0, maxVersion=0), ApiVersion(apiKey=65, minVersion=0, maxVersion=0), ApiVersion(apiKey=66, minVersion=0, maxVersion=0), ApiVersion(apiKey=67, minVersion=0, maxVersion=0)], throttleTimeMs=0, supportedFeatures=[], finalizedFeaturesEpoch=2, finalizedFeatures=[], zkMigrationReady=false)
2023-04-06 11:05:11.224 [kafka-producer-network-thread | producer-1] DEBUG org.apache.kafka.clients.NetworkClient - [Producer clientId=producer-1] Node -1 has finalized features epoch: 2, finalized features: [], supported features: [], API versions: (Produce(0): 0 to 9 [usable: 9], Fetch(1): 0 to 12 [usable: 12], ListOffsets(2): 0 to 7 [usable: 7], Metadata(3): 0 to 12 [usable: 12], LeaderAndIsr(4): 0 to 6 [usable: 6], StopReplica(5): 0 to 3 [usable: 3], UpdateMetadata(6): 0 to 7 [usable: 7], ControlledShutdown(7): 0 to 3 [usable: 3], OffsetCommit(8): 0 to 8 [usable: 8], OffsetFetch(9): 0 to 8 [usable: 8], FindCoordinator(10): 0 to 4 [usable: 4], JoinGroup(11): 0 to 9 [usable: 9], Heartbeat(12): 0 to 4 [usable: 4], LeaveGroup(13): 0 to 5 [usable: 5], SyncGroup(14): 0 to 5 [usable: 5], DescribeGroups(15): 0 to 5 [usable: 5], ListGroups(16): 0 to 4 [usable: 4], SaslHandshake(17): 0 to 1 [usable: 1], ApiVersions(18): 0 to 3 [usable: 3], CreateTopics(19): 0 to 7 [usable: 7], DeleteTopics(20): 0 to 6 [usable: 6], DeleteRecords(21): 0 to 2 [usable: 2], InitProducerId(22): 0 to 4 [usable: 4], OffsetForLeaderEpoch(23): 0 to 4 [usable: 4], AddPartitionsToTxn(24): 0 to 3 [usable: 3], AddOffsetsToTxn(25): 0 to 3 [usable: 3], EndTxn(26): 0 to 3 [usable: 3], WriteTxnMarkers(27): 0 to 1 [usable: 1], TxnOffsetCommit(28): 0 to 3 [usable: 3], DescribeAcls(29): 0 to 3 [usable: 3], CreateAcls(30): 0 to 3 [usable: 3], DeleteAcls(31): 0 to 3 [usable: 3], DescribeConfigs(32): 0 to 4 [usable: 4], AlterConfigs(33): 0 to 2 [usable: 2], AlterReplicaLogDirs(34): 0 to 2 [usable: 2], DescribeLogDirs(35): 0 to 4 [usable: 4], SaslAuthenticate(36): 0 to 2 [usable: 2], CreatePartitions(37): 0 to 3 [usable: 3], CreateDelegationToken(38): 0 to 3 [usable: 3], RenewDelegationToken(39): 0 to 2 [usable: 2], ExpireDelegationToken(40): 0 to 2 [usable: 2], DescribeDelegationToken(41): 0 to 3 [usable: 3], DeleteGroups(42): 0 to 2 [usable: 2], ElectLeaders(43): 0 to 2 [usable: 2], IncrementalAlterConfigs(44): 0 to 1 [usable: 1], AlterPartitionReassignments(45): 0 [usable: 0], ListPartitionReassignments(46): 0 [usable: 0], OffsetDelete(47): 0 [usable: 0], DescribeClientQuotas(48): 0 to 1 [usable: 1], AlterClientQuotas(49): 0 to 1 [usable: 1], DescribeUserScramCredentials(50): 0 [usable: 0], AlterUserScramCredentials(51): 0 [usable: 0], AlterPartition(56): 0 to 2 [usable: 2], UpdateFeatures(57): 0 to 1 [usable: 1], Envelope(58): 0 [usable: 0], DescribeCluster(60): 0 [usable: 0], DescribeProducers(61): 0 [usable: 0], DescribeTransactions(65): 0 [usable: 0], ListTransactions(66): 0 [usable: 0], AllocateProducerIds(67): 0 [usable: 0]).
2023-04-06 11:05:11.225 [kafka-producer-network-thread | producer-1] DEBUG org.apache.kafka.clients.NetworkClient - [Producer clientId=producer-1] Sending metadata request MetadataRequestData(topics=[MetadataRequestTopic(topicId=AAAAAAAAAAAAAAAAAAAAAA, name='demo_java')], allowAutoTopicCreation=true, includeClusterAuthorizedOperations=false, includeTopicAuthorizedOperations=false) to node cluster.playground.cdkt.io:9092 (id: -1 rack: null)
2023-04-06 11:05:11.226 [kafka-producer-network-thread | producer-1] DEBUG org.apache.kafka.clients.NetworkClient - [Producer clientId=producer-1] Sending METADATA request with header RequestHeader(apiKey=METADATA, apiVersion=12, clientId=producer-1, correlationId=1, headerVersion=2) and timeout 30000 to node -1: MetadataRequestData(topics=[MetadataRequestTopic(topicId=AAAAAAAAAAAAAAAAAAAAAA, name='demo_java')], allowAutoTopicCreation=true, includeClusterAuthorizedOperations=false, includeTopicAuthorizedOperations=false)
2023-04-06 11:05:11.227 [kafka-producer-network-thread | producer-1] DEBUG org.apache.kafka.clients.producer.internals.Sender - [Producer clientId=producer-1] Sending transactional request InitProducerIdRequestData(transactionalId=null, transactionTimeoutMs=2147483647, producerId=-1, producerEpoch=-1) to node cluster.playground.cdkt.io:9092 (id: -1 rack: null) with correlation ID 2
2023-04-06 11:05:11.227 [kafka-producer-network-thread | producer-1] DEBUG org.apache.kafka.clients.NetworkClient - [Producer clientId=producer-1] Sending INIT_PRODUCER_ID request with header RequestHeader(apiKey=INIT_PRODUCER_ID, apiVersion=4, clientId=producer-1, correlationId=2, headerVersion=2) and timeout 30000 to node -1: InitProducerIdRequestData(transactionalId=null, transactionTimeoutMs=2147483647, producerId=-1, producerEpoch=-1)
2023-04-06 11:05:11.263 [kafka-producer-network-thread | producer-1] DEBUG org.apache.kafka.clients.NetworkClient - [Producer clientId=producer-1] Received METADATA response from node -1 for request with header RequestHeader(apiKey=METADATA, apiVersion=12, clientId=producer-1, correlationId=1, headerVersion=2): MetadataResponseData(throttleTimeMs=0, brokers=[MetadataResponseBroker(nodeId=0, host='cluster.playground.cdkt.io', port=9092, rack='0'), MetadataResponseBroker(nodeId=10, host='cluster.playground.cdkt.io', port=9094, rack='1'), MetadataResponseBroker(nodeId=20, host='cluster.playground.cdkt.io', port=9105, rack='2'), MetadataResponseBroker(nodeId=30, host='cluster.playground.cdkt.io', port=9116, rack='0'), MetadataResponseBroker(nodeId=9, host='cluster.playground.cdkt.io', port=9130, rack='0'), MetadataResponseBroker(nodeId=11, host='cluster.playground.cdkt.io', port=9095, rack='2'), MetadataResponseBroker(nodeId=31, host='cluster.playground.cdkt.io', port=9117, rack='1'), MetadataResponseBroker(nodeId=13, host='cluster.playground.cdkt.io', port=9097, rack='1'), MetadataResponseBroker(nodeId=18, host='cluster.playground.cdkt.io', port=9102, rack='0'), MetadataResponseBroker(nodeId=22, host='cluster.playground.cdkt.io', port=9107, rack='1'), MetadataResponseBroker(nodeId=32, host='cluster.playground.cdkt.io', port=9118, rack='2'), MetadataResponseBroker(nodeId=8, host='cluster.playground.cdkt.io', port=9129, rack='2'), MetadataResponseBroker(nodeId=29, host='cluster.playground.cdkt.io', port=9114, rack='2'), MetadataResponseBroker(nodeId=34, host='cluster.playground.cdkt.io', port=9120, rack='1'), MetadataResponseBroker(nodeId=1, host='cluster.playground.cdkt.io', port=9093, rack='1'), MetadataResponseBroker(nodeId=6, host='cluster.playground.cdkt.io', port=9127, rack='0'), MetadataResponseBroker(nodeId=27, host='cluster.playground.cdkt.io', port=9112, rack='0'), MetadataResponseBroker(nodeId=5, host='cluster.playground.cdkt.io', port=9126, rack='2'), MetadataResponseBroker(nodeId=15, host='cluster.playground.cdkt.io', port=9099, rack='0'), MetadataResponseBroker(nodeId=35, host='cluster.playground.cdkt.io', port=9121, rack='2'), MetadataResponseBroker(nodeId=25, host='cluster.playground.cdkt.io', port=9110, rack='1'), MetadataResponseBroker(nodeId=26, host='cluster.playground.cdkt.io', port=9111, rack='2'), MetadataResponseBroker(nodeId=36, host='cluster.playground.cdkt.io', port=9122, rack='0'), MetadataResponseBroker(nodeId=4, host='cluster.playground.cdkt.io', port=9125, rack='1'), MetadataResponseBroker(nodeId=16, host='cluster.playground.cdkt.io', port=9100, rack='1'), MetadataResponseBroker(nodeId=17, host='cluster.playground.cdkt.io', port=9101, rack='2'), MetadataResponseBroker(nodeId=3, host='cluster.playground.cdkt.io', port=9115, rack='0'), MetadataResponseBroker(nodeId=24, host='cluster.playground.cdkt.io', port=9109, rack='0'), MetadataResponseBroker(nodeId=38, host='cluster.playground.cdkt.io', port=9124, rack='2'), MetadataResponseBroker(nodeId=33, host='cluster.playground.cdkt.io', port=9119, rack='0'), MetadataResponseBroker(nodeId=23, host='cluster.playground.cdkt.io', port=9108, rack='2'), MetadataResponseBroker(nodeId=28, host='cluster.playground.cdkt.io', port=9113, rack='1'), MetadataResponseBroker(nodeId=2, host='cluster.playground.cdkt.io', port=9104, rack='2'), MetadataResponseBroker(nodeId=12, host='cluster.playground.cdkt.io', port=9096, rack='0'), MetadataResponseBroker(nodeId=19, host='cluster.playground.cdkt.io', port=9103, rack='1'), MetadataResponseBroker(nodeId=14, host='cluster.playground.cdkt.io', port=9098, rack='2'), MetadataResponseBroker(nodeId=37, host='cluster.playground.cdkt.io', port=9123, rack='1'), MetadataResponseBroker(nodeId=7, host='cluster.playground.cdkt.io', port=9128, rack='1'), MetadataResponseBroker(nodeId=21, host='cluster.playground.cdkt.io', port=9106, rack='0')], clusterId='lkc-w79vqj', controllerId=21, topics=[MetadataResponseTopic(errorCode=0, name='demo_java', topicId=AAAAAAAAAAAAAAAAAAAAAA, isInternal=false, partitions=[MetadataResponsePartition(errorCode=0, partitionIndex=0, leaderId=37, leaderEpoch=0, replicaNodes=[37, 5, 3], isrNodes=[37, 5, 3], offlineReplicas=[]), MetadataResponsePartition(errorCode=0, partitionIndex=2, leaderId=6, leaderEpoch=0, replicaNodes=[6, 19, 8], isrNodes=[6, 19, 8], offlineReplicas=[]), MetadataResponsePartition(errorCode=0, partitionIndex=1, leaderId=38, leaderEpoch=0, replicaNodes=[38, 6, 34], isrNodes=[38, 6, 34], offlineReplicas=[])], topicAuthorizedOperations=-2147483648)], clusterAuthorizedOperations=-2147483648)
2023-04-06 11:05:11.266 [kafka-producer-network-thread | producer-1] DEBUG org.apache.kafka.clients.Metadata - [Producer clientId=producer-1] Updating last seen epoch for partition demo_java-0 from null to epoch 0 from new metadata
2023-04-06 11:05:11.266 [kafka-producer-network-thread | producer-1] DEBUG org.apache.kafka.clients.Metadata - [Producer clientId=producer-1] Updating last seen epoch for partition demo_java-2 from null to epoch 0 from new metadata
2023-04-06 11:05:11.266 [kafka-producer-network-thread | producer-1] DEBUG org.apache.kafka.clients.Metadata - [Producer clientId=producer-1] Updating last seen epoch for partition demo_java-1 from null to epoch 0 from new metadata
2023-04-06 11:05:11.268 [kafka-producer-network-thread | producer-1] INFO  org.apache.kafka.clients.Metadata - [Producer clientId=producer-1] Cluster ID: lkc-w79vqj
2023-04-06 11:05:11.268 [kafka-producer-network-thread | producer-1] DEBUG org.apache.kafka.clients.Metadata - [Producer clientId=producer-1] Updated cluster metadata updateVersion 2 to MetadataCache{clusterId='lkc-w79vqj', nodes={0=cluster.playground.cdkt.io:9092 (id: 0 rack: 0), 1=cluster.playground.cdkt.io:9093 (id: 1 rack: 1), 2=cluster.playground.cdkt.io:9104 (id: 2 rack: 2), 3=cluster.playground.cdkt.io:9115 (id: 3 rack: 0), 4=cluster.playground.cdkt.io:9125 (id: 4 rack: 1), 5=cluster.playground.cdkt.io:9126 (id: 5 rack: 2), 6=cluster.playground.cdkt.io:9127 (id: 6 rack: 0), 7=cluster.playground.cdkt.io:9128 (id: 7 rack: 1), 8=cluster.playground.cdkt.io:9129 (id: 8 rack: 2), 9=cluster.playground.cdkt.io:9130 (id: 9 rack: 0), 10=cluster.playground.cdkt.io:9094 (id: 10 rack: 1), 11=cluster.playground.cdkt.io:9095 (id: 11 rack: 2), 12=cluster.playground.cdkt.io:9096 (id: 12 rack: 0), 13=cluster.playground.cdkt.io:9097 (id: 13 rack: 1), 14=cluster.playground.cdkt.io:9098 (id: 14 rack: 2), 15=cluster.playground.cdkt.io:9099 (id: 15 rack: 0), 16=cluster.playground.cdkt.io:9100 (id: 16 rack: 1), 17=cluster.playground.cdkt.io:9101 (id: 17 rack: 2), 18=cluster.playground.cdkt.io:9102 (id: 18 rack: 0), 19=cluster.playground.cdkt.io:9103 (id: 19 rack: 1), 20=cluster.playground.cdkt.io:9105 (id: 20 rack: 2), 21=cluster.playground.cdkt.io:9106 (id: 21 rack: 0), 22=cluster.playground.cdkt.io:9107 (id: 22 rack: 1), 23=cluster.playground.cdkt.io:9108 (id: 23 rack: 2), 24=cluster.playground.cdkt.io:9109 (id: 24 rack: 0), 25=cluster.playground.cdkt.io:9110 (id: 25 rack: 1), 26=cluster.playground.cdkt.io:9111 (id: 26 rack: 2), 27=cluster.playground.cdkt.io:9112 (id: 27 rack: 0), 28=cluster.playground.cdkt.io:9113 (id: 28 rack: 1), 29=cluster.playground.cdkt.io:9114 (id: 29 rack: 2), 30=cluster.playground.cdkt.io:9116 (id: 30 rack: 0), 31=cluster.playground.cdkt.io:9117 (id: 31 rack: 1), 32=cluster.playground.cdkt.io:9118 (id: 32 rack: 2), 33=cluster.playground.cdkt.io:9119 (id: 33 rack: 0), 34=cluster.playground.cdkt.io:9120 (id: 34 rack: 1), 35=cluster.playground.cdkt.io:9121 (id: 35 rack: 2), 36=cluster.playground.cdkt.io:9122 (id: 36 rack: 0), 37=cluster.playground.cdkt.io:9123 (id: 37 rack: 1), 38=cluster.playground.cdkt.io:9124 (id: 38 rack: 2)}, partitions=[PartitionMetadata(error=NONE, partition=demo_java-0, leader=Optional[37], leaderEpoch=Optional[0], replicas=37,5,3, isr=37,5,3, offlineReplicas=), PartitionMetadata(error=NONE, partition=demo_java-1, leader=Optional[38], leaderEpoch=Optional[0], replicas=38,6,34, isr=38,6,34, offlineReplicas=), PartitionMetadata(error=NONE, partition=demo_java-2, leader=Optional[6], leaderEpoch=Optional[0], replicas=6,19,8, isr=6,19,8, offlineReplicas=)], controller=cluster.playground.cdkt.io:9106 (id: 21 rack: 0)}
2023-04-06 11:05:11.269 [kafka-producer-network-thread | producer-1] DEBUG org.apache.kafka.clients.NetworkClient - [Producer clientId=producer-1] Received INIT_PRODUCER_ID response from node -1 for request with header RequestHeader(apiKey=INIT_PRODUCER_ID, apiVersion=4, clientId=producer-1, correlationId=2, headerVersion=2): InitProducerIdResponseData(throttleTimeMs=0, errorCode=0, producerId=307305125, producerEpoch=0)
2023-04-06 11:05:11.269 [kafka-producer-network-thread | producer-1] INFO  org.apache.kafka.clients.producer.internals.TransactionManager - [Producer clientId=producer-1] ProducerId set to 307305125 with epoch 0
2023-04-06 11:05:11.270 [kafka-producer-network-thread | producer-1] DEBUG org.apache.kafka.clients.producer.internals.TransactionManager - [Producer clientId=producer-1] Transition from state INITIALIZING to READY
2023-04-06 11:05:11.277 [kafka-producer-network-thread | producer-1] DEBUG org.apache.kafka.clients.ClientUtils - Resolved host cluster.playground.cdkt.io as 35.233.47.245
2023-04-06 11:05:11.277 [kafka-producer-network-thread | producer-1] DEBUG org.apache.kafka.clients.NetworkClient - [Producer clientId=producer-1] Initiating connection to node cluster.playground.cdkt.io:9124 (id: 38 rack: 2) using address cluster.playground.cdkt.io/35.233.47.245
2023-04-06 11:05:11.278 [kafka-producer-network-thread | producer-1] DEBUG org.apache.kafka.common.security.authenticator.SaslClientAuthenticator - [Producer clientId=producer-1] Set SASL client state to SEND_APIVERSIONS_REQUEST
2023-04-06 11:05:11.278 [kafka-producer-network-thread | producer-1] DEBUG org.apache.kafka.common.security.authenticator.SaslClientAuthenticator - [Producer clientId=producer-1] Creating SaslClient: client=null;service=kafka;serviceHostname=cluster.playground.cdkt.io;mechs=[PLAIN]
2023-04-06 11:05:11.308 [kafka-producer-network-thread | producer-1] DEBUG org.apache.kafka.common.network.Selector - [Producer clientId=producer-1] Created socket with SO_RCVBUF = 32768, SO_SNDBUF = 131072, SO_TIMEOUT = 0 to node 38
2023-04-06 11:05:11.312 [kafka-producer-network-thread | producer-1] DEBUG org.apache.kafka.clients.NetworkClient - [Producer clientId=producer-1] Completed connection to node 38. Fetching API versions.
2023-04-06 11:05:11.346 [kafka-producer-network-thread | producer-1] DEBUG org.apache.kafka.common.network.SslTransportLayer - [SslTransportLayer channelId=38 key=channel=java.nio.channels.SocketChannel[connection-pending remote=cluster.playground.cdkt.io/35.233.47.245:9124], selector=sun.nio.ch.WEPollSelectorImpl@40b37cc9, interestOps=8, readyOps=0] SSL handshake completed successfully with peerHost 'cluster.playground.cdkt.io' peerPort 9124 peerPrincipal 'CN=cluster.playground.cdkt.io' protocol 'TLSv1.3' cipherSuite 'TLS_AES_256_GCM_SHA384'
2023-04-06 11:05:11.347 [kafka-producer-network-thread | producer-1] DEBUG org.apache.kafka.common.security.authenticator.SaslClientAuthenticator - [Producer clientId=producer-1] Set SASL client state to RECEIVE_APIVERSIONS_RESPONSE
2023-04-06 11:05:11.388 [kafka-producer-network-thread | producer-1] DEBUG org.apache.kafka.common.security.authenticator.SaslClientAuthenticator - [Producer clientId=producer-1] Set SASL client state to SEND_HANDSHAKE_REQUEST
2023-04-06 11:05:11.388 [kafka-producer-network-thread | producer-1] DEBUG org.apache.kafka.common.security.authenticator.SaslClientAuthenticator - [Producer clientId=producer-1] Set SASL client state to RECEIVE_HANDSHAKE_RESPONSE
2023-04-06 11:05:11.418 [kafka-producer-network-thread | producer-1] DEBUG org.apache.kafka.common.security.authenticator.SaslClientAuthenticator - [Producer clientId=producer-1] Set SASL client state to INITIAL
2023-04-06 11:05:11.418 [kafka-producer-network-thread | producer-1] DEBUG org.apache.kafka.common.security.authenticator.SaslClientAuthenticator - [Producer clientId=producer-1] Set SASL client state to INTERMEDIATE
2023-04-06 11:05:11.447 [kafka-producer-network-thread | producer-1] DEBUG org.apache.kafka.common.security.authenticator.SaslClientAuthenticator - [Producer clientId=producer-1] Set SASL client state to COMPLETE
2023-04-06 11:05:11.447 [kafka-producer-network-thread | producer-1] DEBUG org.apache.kafka.common.security.authenticator.SaslClientAuthenticator - [Producer clientId=producer-1] Finished authentication with no session expiration and no session re-authentication
2023-04-06 11:05:11.448 [kafka-producer-network-thread | producer-1] DEBUG org.apache.kafka.common.network.Selector - [Producer clientId=producer-1] Successfully authenticated with cluster.playground.cdkt.io/35.233.47.245
2023-04-06 11:05:11.448 [kafka-producer-network-thread | producer-1] DEBUG org.apache.kafka.clients.NetworkClient - [Producer clientId=producer-1] Initiating API versions fetch from node 38.
2023-04-06 11:05:11.448 [kafka-producer-network-thread | producer-1] DEBUG org.apache.kafka.clients.NetworkClient - [Producer clientId=producer-1] Sending API_VERSIONS request with header RequestHeader(apiKey=API_VERSIONS, apiVersion=3, clientId=producer-1, correlationId=3, headerVersion=2) and timeout 30000 to node 38: ApiVersionsRequestData(clientSoftwareName='apache-kafka-java', clientSoftwareVersion='3.4.0')
2023-04-06 11:05:11.480 [kafka-producer-network-thread | producer-1] DEBUG org.apache.kafka.clients.NetworkClient - [Producer clientId=producer-1] Received API_VERSIONS response from node 38 for request with header RequestHeader(apiKey=API_VERSIONS, apiVersion=3, clientId=producer-1, correlationId=3, headerVersion=2): ApiVersionsResponseData(errorCode=0, apiKeys=[ApiVersion(apiKey=0, minVersion=0, maxVersion=9), ApiVersion(apiKey=1, minVersion=0, maxVersion=12), ApiVersion(apiKey=2, minVersion=0, maxVersion=7), ApiVersion(apiKey=3, minVersion=0, maxVersion=12), ApiVersion(apiKey=4, minVersion=0, maxVersion=6), ApiVersion(apiKey=5, minVersion=0, maxVersion=3), ApiVersion(apiKey=6, minVersion=0, maxVersion=7), ApiVersion(apiKey=7, minVersion=0, maxVersion=3), ApiVersion(apiKey=8, minVersion=0, maxVersion=8), ApiVersion(apiKey=9, minVersion=0, maxVersion=8), ApiVersion(apiKey=10, minVersion=0, maxVersion=4), ApiVersion(apiKey=11, minVersion=0, maxVersion=9), ApiVersion(apiKey=12, minVersion=0, maxVersion=4), ApiVersion(apiKey=13, minVersion=0, maxVersion=5), ApiVersion(apiKey=14, minVersion=0, maxVersion=5), ApiVersion(apiKey=15, minVersion=0, maxVersion=5), ApiVersion(apiKey=16, minVersion=0, maxVersion=4), ApiVersion(apiKey=17, minVersion=0, maxVersion=1), ApiVersion(apiKey=18, minVersion=0, maxVersion=3), ApiVersion(apiKey=19, minVersion=0, maxVersion=7), ApiVersion(apiKey=20, minVersion=0, maxVersion=6), ApiVersion(apiKey=21, minVersion=0, maxVersion=2), ApiVersion(apiKey=22, minVersion=0, maxVersion=4), ApiVersion(apiKey=23, minVersion=0, maxVersion=4), ApiVersion(apiKey=24, minVersion=0, maxVersion=3), ApiVersion(apiKey=25, minVersion=0, maxVersion=3), ApiVersion(apiKey=26, minVersion=0, maxVersion=3), ApiVersion(apiKey=27, minVersion=0, maxVersion=1), ApiVersion(apiKey=28, minVersion=0, maxVersion=3), ApiVersion(apiKey=29, minVersion=0, maxVersion=3), ApiVersion(apiKey=30, minVersion=0, maxVersion=3), ApiVersion(apiKey=31, minVersion=0, maxVersion=3), ApiVersion(apiKey=32, minVersion=0, maxVersion=4), ApiVersion(apiKey=33, minVersion=0, maxVersion=2), ApiVersion(apiKey=34, minVersion=0, maxVersion=2), ApiVersion(apiKey=35, minVersion=0, maxVersion=4), ApiVersion(apiKey=36, minVersion=0, maxVersion=2), ApiVersion(apiKey=37, minVersion=0, maxVersion=3), ApiVersion(apiKey=38, minVersion=0, maxVersion=3), ApiVersion(apiKey=39, minVersion=0, maxVersion=2), ApiVersion(apiKey=40, minVersion=0, maxVersion=2), ApiVersion(apiKey=41, minVersion=0, maxVersion=3), ApiVersion(apiKey=42, minVersion=0, maxVersion=2), ApiVersion(apiKey=43, minVersion=0, maxVersion=2), ApiVersion(apiKey=44, minVersion=0, maxVersion=1), ApiVersion(apiKey=45, minVersion=0, maxVersion=0), ApiVersion(apiKey=46, minVersion=0, maxVersion=0), ApiVersion(apiKey=47, minVersion=0, maxVersion=0), ApiVersion(apiKey=48, minVersion=0, maxVersion=1), ApiVersion(apiKey=49, minVersion=0, maxVersion=1), ApiVersion(apiKey=50, minVersion=0, maxVersion=0), ApiVersion(apiKey=51, minVersion=0, maxVersion=0), ApiVersion(apiKey=56, minVersion=0, maxVersion=2), ApiVersion(apiKey=57, minVersion=0, maxVersion=1), ApiVersion(apiKey=58, minVersion=0, maxVersion=0), ApiVersion(apiKey=60, minVersion=0, maxVersion=0), ApiVersion(apiKey=61, minVersion=0, maxVersion=0), ApiVersion(apiKey=65, minVersion=0, maxVersion=0), ApiVersion(apiKey=66, minVersion=0, maxVersion=0), ApiVersion(apiKey=67, minVersion=0, maxVersion=0)], throttleTimeMs=0, supportedFeatures=[], finalizedFeaturesEpoch=2, finalizedFeatures=[], zkMigrationReady=false)
2023-04-06 11:05:11.481 [kafka-producer-network-thread | producer-1] DEBUG org.apache.kafka.clients.NetworkClient - [Producer clientId=producer-1] Node 38 has finalized features epoch: 2, finalized features: [], supported features: [], API versions: (Produce(0): 0 to 9 [usable: 9], Fetch(1): 0 to 12 [usable: 12], ListOffsets(2): 0 to 7 [usable: 7], Metadata(3): 0 to 12 [usable: 12], LeaderAndIsr(4): 0 to 6 [usable: 6], StopReplica(5): 0 to 3 [usable: 3], UpdateMetadata(6): 0 to 7 [usable: 7], ControlledShutdown(7): 0 to 3 [usable: 3], OffsetCommit(8): 0 to 8 [usable: 8], OffsetFetch(9): 0 to 8 [usable: 8], FindCoordinator(10): 0 to 4 [usable: 4], JoinGroup(11): 0 to 9 [usable: 9], Heartbeat(12): 0 to 4 [usable: 4], LeaveGroup(13): 0 to 5 [usable: 5], SyncGroup(14): 0 to 5 [usable: 5], DescribeGroups(15): 0 to 5 [usable: 5], ListGroups(16): 0 to 4 [usable: 4], SaslHandshake(17): 0 to 1 [usable: 1], ApiVersions(18): 0 to 3 [usable: 3], CreateTopics(19): 0 to 7 [usable: 7], DeleteTopics(20): 0 to 6 [usable: 6], DeleteRecords(21): 0 to 2 [usable: 2], InitProducerId(22): 0 to 4 [usable: 4], OffsetForLeaderEpoch(23): 0 to 4 [usable: 4], AddPartitionsToTxn(24): 0 to 3 [usable: 3], AddOffsetsToTxn(25): 0 to 3 [usable: 3], EndTxn(26): 0 to 3 [usable: 3], WriteTxnMarkers(27): 0 to 1 [usable: 1], TxnOffsetCommit(28): 0 to 3 [usable: 3], DescribeAcls(29): 0 to 3 [usable: 3], CreateAcls(30): 0 to 3 [usable: 3], DeleteAcls(31): 0 to 3 [usable: 3], DescribeConfigs(32): 0 to 4 [usable: 4], AlterConfigs(33): 0 to 2 [usable: 2], AlterReplicaLogDirs(34): 0 to 2 [usable: 2], DescribeLogDirs(35): 0 to 4 [usable: 4], SaslAuthenticate(36): 0 to 2 [usable: 2], CreatePartitions(37): 0 to 3 [usable: 3], CreateDelegationToken(38): 0 to 3 [usable: 3], RenewDelegationToken(39): 0 to 2 [usable: 2], ExpireDelegationToken(40): 0 to 2 [usable: 2], DescribeDelegationToken(41): 0 to 3 [usable: 3], DeleteGroups(42): 0 to 2 [usable: 2], ElectLeaders(43): 0 to 2 [usable: 2], IncrementalAlterConfigs(44): 0 to 1 [usable: 1], AlterPartitionReassignments(45): 0 [usable: 0], ListPartitionReassignments(46): 0 [usable: 0], OffsetDelete(47): 0 [usable: 0], DescribeClientQuotas(48): 0 to 1 [usable: 1], AlterClientQuotas(49): 0 to 1 [usable: 1], DescribeUserScramCredentials(50): 0 [usable: 0], AlterUserScramCredentials(51): 0 [usable: 0], AlterPartition(56): 0 to 2 [usable: 2], UpdateFeatures(57): 0 to 1 [usable: 1], Envelope(58): 0 [usable: 0], DescribeCluster(60): 0 [usable: 0], DescribeProducers(61): 0 [usable: 0], DescribeTransactions(65): 0 [usable: 0], ListTransactions(66): 0 [usable: 0], AllocateProducerIds(67): 0 [usable: 0]).
2023-04-06 11:05:11.485 [kafka-producer-network-thread | producer-1] DEBUG org.apache.kafka.clients.producer.internals.TransactionManager - [Producer clientId=producer-1] ProducerId of partition demo_java-1 set to 307305125 with epoch 0. Reinitialize sequence at beginning.
2023-04-06 11:05:11.485 [kafka-producer-network-thread | producer-1] DEBUG org.apache.kafka.clients.producer.internals.RecordAccumulator - [Producer clientId=producer-1] Assigned producerId 307305125 and producerEpoch 0 to batch with base sequence 0 being sent to partition demo_java-1
2023-04-06 11:05:11.491 [kafka-producer-network-thread | producer-1] DEBUG org.apache.kafka.clients.NetworkClient - [Producer clientId=producer-1] Sending PRODUCE request with header RequestHeader(apiKey=PRODUCE, apiVersion=9, clientId=producer-1, correlationId=4, headerVersion=2) and timeout 30000 to node 38: {acks=-1,timeout=30000,partitionSizes=[demo_java-1=79]}
2023-04-06 11:05:11.532 [kafka-producer-network-thread | producer-1] DEBUG org.apache.kafka.clients.NetworkClient - [Producer clientId=producer-1] Received PRODUCE response from node 38 for request with header RequestHeader(apiKey=PRODUCE, apiVersion=9, clientId=producer-1, correlationId=4, headerVersion=2): ProduceResponseData(responses=[TopicProduceResponse(name='demo_java', partitionResponses=[PartitionProduceResponse(index=1, errorCode=0, baseOffset=1, logAppendTimeMs=-1, logStartOffset=0, recordErrors=[], errorMessage=null)])], throttleTimeMs=0)
2023-04-06 11:05:11.535 [kafka-producer-network-thread | producer-1] DEBUG org.apache.kafka.clients.producer.internals.TransactionManager - [Producer clientId=producer-1] ProducerId: 307305125; Set last ack'd sequence number for topic-partition demo_java-1 to 0
2023-04-06 11:05:11.536 [main] INFO  org.apache.kafka.clients.producer.KafkaProducer - [Producer clientId=producer-1] Closing the Kafka producer with timeoutMillis = 9223372036854775807 ms.
2023-04-06 11:05:11.536 [kafka-producer-network-thread | producer-1] DEBUG org.apache.kafka.clients.producer.internals.Sender - [Producer clientId=producer-1] Beginning shutdown of Kafka producer I/O thread, sending remaining records.
2023-04-06 11:05:11.541 [kafka-producer-network-thread | producer-1] DEBUG org.apache.kafka.clients.producer.internals.Sender - [Producer clientId=producer-1] Shutdown of Kafka producer I/O thread has completed.
2023-04-06 11:05:11.541 [main] INFO  org.apache.kafka.common.metrics.Metrics - Metrics scheduler closed
2023-04-06 11:05:11.541 [main] INFO  org.apache.kafka.common.metrics.Metrics - Closing reporter org.apache.kafka.common.metrics.JmxReporter
2023-04-06 11:05:11.541 [main] INFO  org.apache.kafka.common.metrics.Metrics - Metrics reporters closed
2023-04-06 11:05:11.541 [main] INFO  org.apache.kafka.common.utils.AppInfoParser - App info kafka.producer for producer-1 unregistered
2023-04-06 11:05:11.542 [main] DEBUG org.apache.kafka.clients.producer.KafkaProducer - [Producer clientId=producer-1] Kafka producer has been closed
